<?xml version="1.0" encoding="UTF-8"?>
<testsuite name="Fill form on Colorlib" tests="2" skipped="0" failures="0" errors="0" timestamp="2024-02-12T14:48:16" hostname="CHMEPDXB4CS3" time="61.386">
  <properties/>
  <testcase name="Login on colorlib website and fill the form" classname="Fill form on Colorlib" time="54.613"/>
  <testcase name="Login on colorlib website to verify requirement fields" classname="Fill form on Colorlib" time="6.773"/>
  <system-out><![CDATA[
@regresion
Scenario Outline: Login on colorlib website and fill the form ?[90m# src/test/resources/features/escenarios.feature:17?[0m
  ?[32mGiven ?[0m?[32mI am on colorlibwebsite?[0m                               ?[90m# stepdefinitions.colorlibStepDefinition.i_am_on_colorlibwebsite()?[0m
  ?[32mWhen ?[0m?[32mI login with my credentials and fill the form?[0m          ?[90m# stepdefinitions.colorlibStepDefinition.i_login_with_my_credentials_and_fill_the_form(io.cucumber.datatable.DataTable)?[0m
    | userLogin | passwordLogin | required | email             | password | cpassword | date  | url                                                     | digits | range |
    | demo      | demo          | prueba   | esierra@gmail.com | 53210    | 53210     | 34986 | https://colorlib.com/polygon/metis/form-validation.html | 123    | 11    |
  ?[32mThen ?[0m?[32mI should see the title ?[0m?[32m?[1mPopup Validation?[0m                ?[90m# stepdefinitions.colorlibStepDefinition.i_should_see_the_field_required_empty(java.lang.String)?[0m

@regresion
Scenario Outline: Login on colorlib website to verify requirement fields ?[90m# src/test/resources/features/escenarios.feature:30?[0m
  ?[32mGiven ?[0m?[32mI am on colorlibwebsite?[0m                                          ?[90m# stepdefinitions.colorlibStepDefinition.i_am_on_colorlibwebsite()?[0m
  ?[32mWhen ?[0m?[32mI login with my credentials and send the empty form?[0m               ?[90m# stepdefinitions.colorlibStepDefinition.i_login_with_my_credentials_and_send_the_empty_form(io.cucumber.datatable.DataTable)?[0m
    | userLogin | passwordLogin |
    | demo      | demo          |
  ?[32mThen ?[0m?[32mI should see the message ?[0m?[32m?[1mThis field is required.?[0m                  ?[90m# stepdefinitions.colorlibStepDefinition.i_should_see_the_message_this_field_is_required(java.lang.String)?[0m
]]></system-out>
  <system-err><![CDATA[[Test worker] INFO io.cucumber.core.plugin.SerenityReporter - Running feature from file:///C:/Users/esierrac/Documents/Cursos%20choucair/Automatizacion/colorlibAutomation/colorlibAutomation/src/test/resources/features/escenarios.feature
Cleaning up unclosed ZipFile for archive C:\Users\esierrac\Documents\Cursos choucair\Automatizacion\colorlibAutomation\colorlibAutomation\.\src\test\resources\datadriven\data.xlsx
Cleaning up unclosed ZipFile for archive C:\Users\esierrac\Documents\Cursos choucair\Automatizacion\colorlibAutomation\colorlibAutomation\.\src\test\resources\datadriven\data.xlsx
[Test worker] INFO  - 
  _____   ___   ___   _____     ___   _____     _     ___   _____   ___   ___  
 |_   _| | __| / __| |_   _|   / __| |_   _|   /_\   | _ \ |_   _| | __| |   \ 
   | |   | _|  \__ \   | |     \__ \   | |    / _ \  |   /   | |   | _|  | |) |
   |_|   |___| |___/   |_|     |___/   |_|   /_/ \_\ |_|_\   |_|   |___| |___/ 

Login on colorlib website and fill the form(fill-form-on-colorlib;login-on-colorlib-website-and-fill-the-form)
--------------------------------------------------------------------------------
[Test worker] INFO net.serenitybdd.core.webdriver.driverproviders.DriverProvider - Using WebDriverManager configuration for firefox
[Test worker] INFO io.github.bonigarcia.wdm.WebDriverManager - Reading https://api.github.com/repos/mozilla/geckodriver/releases to seek geckodriver
[Test worker] INFO io.github.bonigarcia.wdm.WebDriverManager - No proper driver found for geckodriver (latest version) ... seeking another version
[Test worker] INFO io.github.bonigarcia.wdm.WebDriverManager - No proper driver found for geckodriver (latest version) ... seeking another version
[Test worker] INFO io.github.bonigarcia.wdm.WebDriverManager - Exporting webdriver.gecko.driver as C:\Users\esierrac\.cache\selenium\geckodriver\win64\0.34.0-win\geckodriver.exe
1707749300649	geckodriver	INFO	Listening on 127.0.0.1:65042
1707749301542	mozrunner::runner	INFO	Running command: "C:\\Program Files\\Mozilla Firefox\\firefox.exe" "--marionette" "--remote-debugging-port" "58008" "--remote ... origins" "http://localhost:58008/" "-no-remote" "-profile" "C:\\Users\\esierrac\\AppData\\Local\\Temp\\rust_mozprofile5qNoJZ"
console.warn: services.settings: Ignoring preference override of remote settings server
console.warn: services.settings: Allow by setting MOZ_REMOTE_SETTINGS_DEVTOOLS=1 in the environment
1707749301901	Marionette	INFO	Marionette enabled
Dynamically enable window occlusion 0
1707749302000	Marionette	INFO	Listening on port 55968
WebDriver BiDi listening on ws://127.0.0.1:58008
Read port: 55968
1707749302235	RemoteAgent	WARN	TLS certificate errors will be ignored for this session
DevTools listening on ws://127.0.0.1:58008/devtools/browser/b06a1d8f-71b2-45e0-9adc-4a19c72fdffb
feb. 12, 2024 9:48:24 A. M. org.openqa.selenium.remote.ProtocolHandshake createSession
INFO: Detected upstream dialect: W3C
1707749332695	addons.xpi	ERROR	System addon update list error SyntaxError: XMLHttpRequest.open: 'http://%(server)s/dummy-system-addons.xml' is not a valid URL.
console.warn: LoginRecipes: "Falling back to a synchronous message for: https://colorlib.com."
console.warn: LoginRecipes: "Falling back to a synchronous message for: https://colorlib.com."
[Test worker] INFO  - ?[92m
  _____   ___   ___   _____     ___     _     ___   ___   ___   ___  
 |_   _| | __| / __| |_   _|   | _ \   /_\   / __| / __| | __| |   \ 
   | |   | _|  \__ \   | |     |  _/  / _ \  \__ \ \__ \ | _|  | |) |
   |_|   |___| |___/   |_|     |_|   /_/ \_\ |___/ |___/ |___| |___/ 

Login on colorlib website and fill the form
----------------------------------------------------------------------?[0m
[Test worker] INFO io.cucumber.core.plugin.SerenityReporter - Running feature from file:///C:/Users/esierrac/Documents/Cursos%20choucair/Automatizacion/colorlibAutomation/colorlibAutomation/src/test/resources/features/escenarios.feature
[Test worker] INFO  - 
  _____   ___   ___   _____     ___   _____     _     ___   _____   ___   ___  
 |_   _| | __| / __| |_   _|   / __| |_   _|   /_\   | _ \ |_   _| | __| |   \ 
   | |   | _|  \__ \   | |     \__ \   | |    / _ \  |   /   | |   | _|  | |) |
   |_|   |___| |___/   |_|     |___/   |_|   /_/ \_\ |_|_\   |_|   |___| |___/ 

Login on colorlib website to verify requirement fields(fill-form-on-colorlib;login-on-colorlib-website-to-verify-requirement-fields)
--------------------------------------------------------------------------------
[Test worker] INFO  - ?[92m
  _____   ___   ___   _____     ___     _     ___   ___   ___   ___  
 |_   _| | __| / __| |_   _|   | _ \   /_\   / __| / __| | __| |   \ 
   | |   | _|  \__ \   | |     |  _/  / _ \  \__ \ \__ \ | _|  | |) |
   |_|   |___| |___/   |_|     |_|   /_/ \_\ |___/ |___/ |___| |___/ 

Login on colorlib website to verify requirement fields
----------------------------------------------------------------------?[0m
]]></system-err>
</testsuite>
